{"C:\\task-list\\src\\api.ts": {"path":"C:\\task-list\\src\\api.ts","statementMap":{"0":{"start":{"line":4,"column":20},"end":{"line":27,"column":2}},"1":{"start":{"line":29,"column":14},"end":{"line":29,"column":17}},"2":{"start":{"line":32,"column":14},"end":{"line":32,"column":79}},"3":{"start":{"line":32,"column":30},"end":{"line":32,"column":79}},"4":{"start":{"line":32,"column":55},"end":{"line":32,"column":78}},"5":{"start":{"line":34,"column":13},"end":{"line":85,"column":2}},"6":{"start":{"line":35,"column":40},"end":{"line":42,"column":null}},"7":{"start":{"line":36,"column":4},"end":{"line":36,"column":23}},"8":{"start":{"line":38,"column":4},"end":{"line":41,"column":6}},"9":{"start":{"line":40,"column":8},"end":{"line":40,"column":73}},"10":{"start":{"line":44,"column":47},"end":{"line":51,"column":null}},"11":{"start":{"line":45,"column":4},"end":{"line":45,"column":23}},"12":{"start":{"line":46,"column":17},"end":{"line":46,"column":47}},"13":{"start":{"line":46,"column":35},"end":{"line":46,"column":46}},"14":{"start":{"line":47,"column":4},"end":{"line":49,"column":5}},"15":{"start":{"line":48,"column":6},"end":{"line":48,"column":40}},"16":{"start":{"line":50,"column":4},"end":{"line":50,"column":23}},"17":{"start":{"line":55,"column":21},"end":{"line":65,"column":null}},"18":{"start":{"line":56,"column":4},"end":{"line":56,"column":23}},"19":{"start":{"line":57,"column":17},"end":{"line":61,"column":null}},"20":{"start":{"line":63,"column":4},"end":{"line":63,"column":24}},"21":{"start":{"line":64,"column":4},"end":{"line":64,"column":26}},"22":{"start":{"line":67,"column":74},"end":{"line":75,"column":null}},"23":{"start":{"line":68,"column":4},"end":{"line":68,"column":23}},"24":{"start":{"line":69,"column":18},"end":{"line":69,"column":53}},"25":{"start":{"line":69,"column":41},"end":{"line":69,"column":52}},"26":{"start":{"line":70,"column":4},"end":{"line":72,"column":5}},"27":{"start":{"line":71,"column":6},"end":{"line":71,"column":40}},"28":{"start":{"line":73,"column":4},"end":{"line":73,"column":51}},"29":{"start":{"line":74,"column":4},"end":{"line":74,"column":31}},"30":{"start":{"line":77,"column":50},"end":{"line":84,"column":null}},"31":{"start":{"line":78,"column":4},"end":{"line":78,"column":23}},"32":{"start":{"line":79,"column":18},"end":{"line":79,"column":53}},"33":{"start":{"line":79,"column":41},"end":{"line":79,"column":52}},"34":{"start":{"line":80,"column":4},"end":{"line":82,"column":5}},"35":{"start":{"line":81,"column":6},"end":{"line":81,"column":40}},"36":{"start":{"line":83,"column":4},"end":{"line":83,"column":27}}},"fnMap":{"0":{"name":"(anonymous_7)","decl":{"start":{"line":32,"column":14},"end":{"line":32,"column":15}},"loc":{"start":{"line":32,"column":30},"end":{"line":32,"column":79}}},"1":{"name":"(anonymous_8)","decl":{"start":{"line":32,"column":42},"end":{"line":32,"column":43}},"loc":{"start":{"line":32,"column":55},"end":{"line":32,"column":78}}},"2":{"name":"(anonymous_9)","decl":{"start":{"line":35,"column":12},"end":{"line":35,"column":38}},"loc":{"start":{"line":35,"column":40},"end":{"line":42,"column":null}}},"3":{"name":"(anonymous_10)","decl":{"start":{"line":35,"column":40},"end":{"line":35,"column":null}},"loc":{"start":{"line":35,"column":40},"end":{"line":42,"column":3}}},"4":{"name":"(anonymous_11)","decl":{"start":{"line":39,"column":6},"end":{"line":39,"column":7}},"loc":{"start":{"line":40,"column":8},"end":{"line":40,"column":73}}},"5":{"name":"(anonymous_12)","decl":{"start":{"line":44,"column":11},"end":{"line":44,"column":18}},"loc":{"start":{"line":44,"column":47},"end":{"line":51,"column":null}}},"6":{"name":"(anonymous_13)","decl":{"start":{"line":44,"column":47},"end":{"line":44,"column":null}},"loc":{"start":{"line":44,"column":47},"end":{"line":51,"column":3}}},"7":{"name":"(anonymous_14)","decl":{"start":{"line":46,"column":28},"end":{"line":46,"column":29}},"loc":{"start":{"line":46,"column":35},"end":{"line":46,"column":46}}},"8":{"name":"(anonymous_15)","decl":{"start":{"line":53,"column":14},"end":{"line":53,"column":null}},"loc":{"start":{"line":55,"column":21},"end":{"line":65,"column":null}}},"9":{"name":"(anonymous_16)","decl":{"start":{"line":55,"column":21},"end":{"line":55,"column":null}},"loc":{"start":{"line":55,"column":21},"end":{"line":65,"column":3}}},"10":{"name":"(anonymous_17)","decl":{"start":{"line":67,"column":14},"end":{"line":67,"column":21}},"loc":{"start":{"line":67,"column":74},"end":{"line":75,"column":null}}},"11":{"name":"(anonymous_18)","decl":{"start":{"line":67,"column":74},"end":{"line":67,"column":null}},"loc":{"start":{"line":67,"column":74},"end":{"line":75,"column":3}}},"12":{"name":"(anonymous_19)","decl":{"start":{"line":69,"column":34},"end":{"line":69,"column":35}},"loc":{"start":{"line":69,"column":41},"end":{"line":69,"column":52}}},"13":{"name":"(anonymous_20)","decl":{"start":{"line":77,"column":14},"end":{"line":77,"column":21}},"loc":{"start":{"line":77,"column":50},"end":{"line":84,"column":null}}},"14":{"name":"(anonymous_21)","decl":{"start":{"line":77,"column":50},"end":{"line":77,"column":null}},"loc":{"start":{"line":77,"column":50},"end":{"line":84,"column":3}}},"15":{"name":"(anonymous_22)","decl":{"start":{"line":79,"column":34},"end":{"line":79,"column":35}},"loc":{"start":{"line":79,"column":41},"end":{"line":79,"column":52}}}},"branchMap":{"0":{"loc":{"start":{"line":47,"column":4},"end":{"line":49,"column":5}},"type":"if","locations":[{"start":{"line":47,"column":4},"end":{"line":49,"column":5}},{"start":{},"end":{}}]},"1":{"loc":{"start":{"line":70,"column":4},"end":{"line":72,"column":5}},"type":"if","locations":[{"start":{"line":70,"column":4},"end":{"line":72,"column":5}},{"start":{},"end":{}}]},"2":{"loc":{"start":{"line":80,"column":4},"end":{"line":82,"column":5}},"type":"if","locations":[{"start":{"line":80,"column":4},"end":{"line":82,"column":5}},{"start":{},"end":{}}]}},"s":{"0":1,"1":1,"2":1,"3":10,"4":10,"5":1,"6":5,"7":5,"8":5,"9":12,"10":2,"11":2,"12":2,"13":6,"14":2,"15":1,"16":1,"17":1,"18":1,"19":1,"20":1,"21":1,"22":1,"23":1,"24":1,"25":4,"26":1,"27":0,"28":1,"29":1,"30":1,"31":1,"32":1,"33":4,"34":1,"35":0,"36":1},"f":{"0":10,"1":10,"2":5,"3":5,"4":12,"5":2,"6":2,"7":6,"8":1,"9":1,"10":1,"11":1,"12":4,"13":1,"14":1,"15":4},"b":{"0":[1,1],"1":[0,1],"2":[0,1]}}
,"C:\\task-list\\src\\test-utils.tsx": {"path":"C:\\task-list\\src\\test-utils.tsx","statementMap":{"0":{"start":{"line":1,"column":0},"end":{"line":1,"column":44}},"1":{"start":{"line":2,"column":0},"end":{"line":2,"column":63}},"2":{"start":{"line":3,"column":0},"end":{"line":3,"column":73}},"3":{"start":{"line":4,"column":0},"end":{"line":4,"column":63}},"4":{"start":{"line":5,"column":0},"end":{"line":5,"column":66}},"5":{"start":{"line":7,"column":14},"end":{"line":7,"column":27}},"6":{"start":{"line":13,"column":37},"end":{"line":20,"column":4}},"7":{"start":{"line":14,"column":2},"end":{"line":20,"column":4}},"8":{"start":{"line":13,"column":13},"end":{"line":13,"column":37}},"9":{"start":{"line":22,"column":35},"end":{"line":46,"column":1}},"10":{"start":{"line":26,"column":41},"end":{"line":26,"column":null}},"11":{"start":{"line":27,"column":20},"end":{"line":28,"column":69}},"12":{"start":{"line":30,"column":2},"end":{"line":30,"column":51}},"13":{"start":{"line":32,"column":18},"end":{"line":40,"column":3}},"14":{"start":{"line":33,"column":4},"end":{"line":39,"column":6}},"15":{"start":{"line":42,"column":2},"end":{"line":44,"column":null}},"16":{"start":{"line":22,"column":13},"end":{"line":22,"column":35}},"17":{"start":{"line":48,"column":38},"end":{"line":72,"column":1}},"18":{"start":{"line":52,"column":41},"end":{"line":52,"column":null}},"19":{"start":{"line":53,"column":20},"end":{"line":54,"column":6}},"20":{"start":{"line":56,"column":18},"end":{"line":66,"column":3}},"21":{"start":{"line":57,"column":4},"end":{"line":65,"column":6}},"22":{"start":{"line":68,"column":2},"end":{"line":70,"column":null}},"23":{"start":{"line":48,"column":13},"end":{"line":48,"column":38}}},"fnMap":{"0":{"name":"(anonymous_1)","decl":{"start":{"line":13,"column":37},"end":{"line":13,"column":40}},"loc":{"start":{"line":14,"column":2},"end":{"line":20,"column":4}}},"1":{"name":"(anonymous_2)","decl":{"start":{"line":22,"column":35},"end":{"line":22,"column":null}},"loc":{"start":{"line":29,"column":4},"end":{"line":46,"column":1}}},"2":{"name":"(anonymous_3)","decl":{"start":{"line":32,"column":18},"end":{"line":32,"column":19}},"loc":{"start":{"line":32,"column":49},"end":{"line":40,"column":3}}},"3":{"name":"(anonymous_4)","decl":{"start":{"line":48,"column":38},"end":{"line":48,"column":null}},"loc":{"start":{"line":55,"column":4},"end":{"line":72,"column":1}}},"4":{"name":"(anonymous_5)","decl":{"start":{"line":56,"column":18},"end":{"line":56,"column":19}},"loc":{"start":{"line":56,"column":49},"end":{"line":66,"column":3}}}},"branchMap":{"0":{"loc":{"start":{"line":24,"column":2},"end":{"line":28,"column":71}},"type":"default-arg","locations":[{"start":{"line":28,"column":69},"end":{"line":28,"column":71}}]},"1":{"loc":{"start":{"line":25,"column":4},"end":{"line":25,"column":15}},"type":"default-arg","locations":[{"start":{"line":25,"column":12},"end":{"line":25,"column":15}}]},"2":{"loc":{"start":{"line":26,"column":4},"end":{"line":26,"column":41}},"type":"default-arg","locations":[{"start":{"line":26,"column":18},"end":{"line":26,"column":41}}]},"3":{"loc":{"start":{"line":50,"column":2},"end":{"line":54,"column":8}},"type":"default-arg","locations":[{"start":{"line":54,"column":6},"end":{"line":54,"column":8}}]},"4":{"loc":{"start":{"line":51,"column":4},"end":{"line":51,"column":26}},"type":"default-arg","locations":[{"start":{"line":51,"column":21},"end":{"line":51,"column":26}}]},"5":{"loc":{"start":{"line":52,"column":4},"end":{"line":52,"column":41}},"type":"default-arg","locations":[{"start":{"line":52,"column":18},"end":{"line":52,"column":41}}]}},"s":{"0":2,"1":2,"2":2,"3":2,"4":2,"5":2,"6":2,"7":13,"8":2,"9":2,"10":0,"11":0,"12":0,"13":0,"14":0,"15":0,"16":2,"17":2,"18":6,"19":6,"20":6,"21":6,"22":6,"23":2},"f":{"0":13,"1":0,"2":0,"3":6,"4":6},"b":{"0":[0],"1":[0],"2":[0],"3":[6],"4":[6],"5":[6]}}
,"C:\\task-list\\src\\components\\Layout.tsx": {"path":"C:\\task-list\\src\\components\\Layout.tsx","statementMap":{"0":{"start":{"line":1,"column":0},"end":{"line":1,"column":26}},"1":{"start":{"line":2,"column":0},"end":{"line":2,"column":76}},"2":{"start":{"line":3,"column":0},"end":{"line":3,"column":60}},"3":{"start":{"line":5,"column":63},"end":{"line":27,"column":1}},"4":{"start":{"line":8,"column":2},"end":{"line":26,"column":4}},"5":{"start":{"line":5,"column":13},"end":{"line":5,"column":63}}},"fnMap":{"0":{"name":"(anonymous_0)","decl":{"start":{"line":5,"column":63},"end":{"line":5,"column":64}},"loc":{"start":{"line":7,"column":5},"end":{"line":27,"column":1}}}},"branchMap":{},"s":{"0":2,"1":2,"2":2,"3":2,"4":91,"5":2},"f":{"0":91},"b":{}}
,"C:\\task-list\\src\\hooks\\useTasks.ts": {"path":"C:\\task-list\\src\\hooks\\useTasks.ts","statementMap":{"0":{"start":{"line":1,"column":0},"end":{"line":1,"column":78}},"1":{"start":{"line":2,"column":0},"end":{"line":2,"column":29}},"2":{"start":{"line":5,"column":24},"end":{"line":10,"column":1}},"3":{"start":{"line":6,"column":2},"end":{"line":9,"column":5}},"4":{"start":{"line":5,"column":13},"end":{"line":5,"column":24}},"5":{"start":{"line":12,"column":23},"end":{"line":18,"column":1}},"6":{"start":{"line":13,"column":2},"end":{"line":17,"column":5}},"7":{"start":{"line":15,"column":19},"end":{"line":15,"column":34}},"8":{"start":{"line":12,"column":13},"end":{"line":12,"column":23}},"9":{"start":{"line":20,"column":29},"end":{"line":28,"column":1}},"10":{"start":{"line":21,"column":22},"end":{"line":21,"column":38}},"11":{"start":{"line":22,"column":2},"end":{"line":27,"column":5}},"12":{"start":{"line":25,"column":6},"end":{"line":25,"column":61}},"13":{"start":{"line":20,"column":13},"end":{"line":20,"column":29}},"14":{"start":{"line":30,"column":29},"end":{"line":40,"column":1}},"15":{"start":{"line":31,"column":22},"end":{"line":31,"column":38}},"16":{"start":{"line":32,"column":2},"end":{"line":39,"column":5}},"17":{"start":{"line":34,"column":6},"end":{"line":34,"column":33}},"18":{"start":{"line":36,"column":6},"end":{"line":36,"column":61}},"19":{"start":{"line":37,"column":6},"end":{"line":37,"column":57}},"20":{"start":{"line":30,"column":13},"end":{"line":30,"column":29}},"21":{"start":{"line":42,"column":29},"end":{"line":50,"column":1}},"22":{"start":{"line":43,"column":22},"end":{"line":43,"column":38}},"23":{"start":{"line":44,"column":2},"end":{"line":49,"column":5}},"24":{"start":{"line":47,"column":6},"end":{"line":47,"column":61}},"25":{"start":{"line":42,"column":13},"end":{"line":42,"column":29}}},"fnMap":{"0":{"name":"(anonymous_0)","decl":{"start":{"line":5,"column":24},"end":{"line":5,"column":27}},"loc":{"start":{"line":5,"column":29},"end":{"line":10,"column":1}}},"1":{"name":"(anonymous_1)","decl":{"start":{"line":12,"column":23},"end":{"line":12,"column":24}},"loc":{"start":{"line":12,"column":38},"end":{"line":18,"column":1}}},"2":{"name":"(anonymous_2)","decl":{"start":{"line":15,"column":13},"end":{"line":15,"column":16}},"loc":{"start":{"line":15,"column":19},"end":{"line":15,"column":34}}},"3":{"name":"(anonymous_3)","decl":{"start":{"line":20,"column":29},"end":{"line":20,"column":32}},"loc":{"start":{"line":20,"column":34},"end":{"line":28,"column":1}}},"4":{"name":"(anonymous_4)","decl":{"start":{"line":24,"column":15},"end":{"line":24,"column":18}},"loc":{"start":{"line":24,"column":20},"end":{"line":26,"column":5}}},"5":{"name":"(anonymous_5)","decl":{"start":{"line":30,"column":29},"end":{"line":30,"column":32}},"loc":{"start":{"line":30,"column":34},"end":{"line":40,"column":1}}},"6":{"name":"(anonymous_6)","decl":{"start":{"line":33,"column":16},"end":{"line":33,"column":17}},"loc":{"start":{"line":34,"column":6},"end":{"line":34,"column":33}}},"7":{"name":"(anonymous_7)","decl":{"start":{"line":35,"column":15},"end":{"line":35,"column":16}},"loc":{"start":{"line":35,"column":24},"end":{"line":38,"column":5}}},"8":{"name":"(anonymous_8)","decl":{"start":{"line":42,"column":29},"end":{"line":42,"column":32}},"loc":{"start":{"line":42,"column":34},"end":{"line":50,"column":1}}},"9":{"name":"(anonymous_9)","decl":{"start":{"line":46,"column":15},"end":{"line":46,"column":18}},"loc":{"start":{"line":46,"column":20},"end":{"line":48,"column":5}}}},"branchMap":{},"s":{"0":2,"1":2,"2":2,"3":29,"4":2,"5":2,"6":63,"7":10,"8":2,"9":2,"10":29,"11":29,"12":1,"13":2,"14":2,"15":92,"16":92,"17":3,"18":3,"19":3,"20":2,"21":2,"22":92,"23":92,"24":2,"25":2},"f":{"0":29,"1":63,"2":10,"3":29,"4":1,"5":92,"6":3,"7":3,"8":92,"9":2},"b":{}}
,"C:\\task-list\\src\\pages\\TaskDetails.tsx": {"path":"C:\\task-list\\src\\pages\\TaskDetails.tsx","statementMap":{"0":{"start":{"line":30,"column":0},"end":{"line":30,"column":24}},"1":{"start":{"line":1,"column":0},"end":{"line":1,"column":40}},"2":{"start":{"line":2,"column":0},"end":{"line":2,"column":null}},"3":{"start":{"line":14,"column":0},"end":{"line":14,"column":58}},"4":{"start":{"line":15,"column":0},"end":{"line":15,"column":52}},"5":{"start":{"line":16,"column":0},"end":{"line":16,"column":48}},"6":{"start":{"line":17,"column":0},"end":{"line":17,"column":48}},"7":{"start":{"line":18,"column":0},"end":{"line":18,"column":50}},"8":{"start":{"line":19,"column":0},"end":{"line":19,"column":58}},"9":{"start":{"line":20,"column":0},"end":{"line":20,"column":46}},"10":{"start":{"line":21,"column":0},"end":{"line":21,"column":74}},"11":{"start":{"line":22,"column":0},"end":{"line":22,"column":35}},"12":{"start":{"line":23,"column":0},"end":{"line":23,"column":27}},"13":{"start":{"line":25,"column":25},"end":{"line":28,"column":2}},"14":{"start":{"line":31,"column":17},"end":{"line":31,"column":44}},"15":{"start":{"line":32,"column":19},"end":{"line":32,"column":32}},"16":{"start":{"line":33,"column":52},"end":{"line":33,"column":64}},"17":{"start":{"line":34,"column":21},"end":{"line":34,"column":36}},"18":{"start":{"line":35,"column":21},"end":{"line":35,"column":36}},"19":{"start":{"line":37,"column":36},"end":{"line":37,"column":51}},"20":{"start":{"line":39,"column":17},"end":{"line":54,"column":4}},"21":{"start":{"line":47,"column":6},"end":{"line":52,"column":7}},"22":{"start":{"line":48,"column":8},"end":{"line":51,"column":10}},"23":{"start":{"line":50,"column":29},"end":{"line":50,"column":48}},"24":{"start":{"line":56,"column":23},"end":{"line":62,"column":3}},"25":{"start":{"line":57,"column":4},"end":{"line":61,"column":5}},"26":{"start":{"line":58,"column":6},"end":{"line":60,"column":9}},"27":{"start":{"line":59,"column":25},"end":{"line":59,"column":38}},"28":{"start":{"line":64,"column":29},"end":{"line":71,"column":3}},"29":{"start":{"line":65,"column":4},"end":{"line":70,"column":5}},"30":{"start":{"line":66,"column":6},"end":{"line":69,"column":9}},"31":{"start":{"line":73,"column":2},"end":{"line":81,"column":3}},"32":{"start":{"line":74,"column":4},"end":{"line":80,"column":6}},"33":{"start":{"line":83,"column":2},"end":{"line":98,"column":3}},"34":{"start":{"line":84,"column":4},"end":{"line":97,"column":6}},"35":{"start":{"line":91,"column":25},"end":{"line":91,"column":38}},"36":{"start":{"line":100,"column":2},"end":{"line":254,"column":4}},"37":{"start":{"line":104,"column":23},"end":{"line":104,"column":36}},"38":{"start":{"line":147,"column":33},"end":{"line":147,"column":51}},"39":{"start":{"line":200,"column":31},"end":{"line":200,"column":50}},"40":{"start":{"line":235,"column":31},"end":{"line":235,"column":50}}},"fnMap":{"0":{"name":"TaskDetails","decl":{"start":{"line":30,"column":24},"end":{"line":30,"column":35}},"loc":{"start":{"line":30,"column":35},"end":{"line":255,"column":1}}},"1":{"name":"(anonymous_1)","decl":{"start":{"line":46,"column":14},"end":{"line":46,"column":15}},"loc":{"start":{"line":46,"column":25},"end":{"line":53,"column":5}}},"2":{"name":"(anonymous_2)","decl":{"start":{"line":50,"column":23},"end":{"line":50,"column":26}},"loc":{"start":{"line":50,"column":29},"end":{"line":50,"column":48}}},"3":{"name":"(anonymous_3)","decl":{"start":{"line":56,"column":23},"end":{"line":56,"column":26}},"loc":{"start":{"line":56,"column":28},"end":{"line":62,"column":3}}},"4":{"name":"(anonymous_4)","decl":{"start":{"line":59,"column":19},"end":{"line":59,"column":22}},"loc":{"start":{"line":59,"column":25},"end":{"line":59,"column":38}}},"5":{"name":"(anonymous_5)","decl":{"start":{"line":64,"column":29},"end":{"line":64,"column":32}},"loc":{"start":{"line":64,"column":34},"end":{"line":71,"column":3}}},"6":{"name":"(anonymous_6)","decl":{"start":{"line":91,"column":19},"end":{"line":91,"column":22}},"loc":{"start":{"line":91,"column":25},"end":{"line":91,"column":38}}},"7":{"name":"(anonymous_7)","decl":{"start":{"line":104,"column":17},"end":{"line":104,"column":20}},"loc":{"start":{"line":104,"column":23},"end":{"line":104,"column":36}}},"8":{"name":"(anonymous_8)","decl":{"start":{"line":147,"column":27},"end":{"line":147,"column":30}},"loc":{"start":{"line":147,"column":33},"end":{"line":147,"column":51}}},"9":{"name":"(anonymous_9)","decl":{"start":{"line":200,"column":25},"end":{"line":200,"column":28}},"loc":{"start":{"line":200,"column":31},"end":{"line":200,"column":50}}},"10":{"name":"(anonymous_10)","decl":{"start":{"line":235,"column":25},"end":{"line":235,"column":28}},"loc":{"start":{"line":235,"column":31},"end":{"line":235,"column":50}}}},"branchMap":{"0":{"loc":{"start":{"line":41,"column":13},"end":{"line":41,"column":30}},"type":"binary-expr","locations":[{"start":{"line":41,"column":13},"end":{"line":41,"column":24}},{"start":{"line":41,"column":28},"end":{"line":41,"column":30}}]},"1":{"loc":{"start":{"line":41,"column":13},"end":{"line":41,"column":24}},"type":"cond-expr","locations":[{"start":{"line":41,"column":17},"end":{"line":41,"column":19}},{"start":{"line":41,"column":13},"end":{"line":41,"column":24}}]},"2":{"loc":{"start":{"line":41,"column":13},"end":{"line":41,"column":19}},"type":"binary-expr","locations":[{"start":{"line":41,"column":13},"end":{"line":41,"column":19}},{"start":{"line":41,"column":13},"end":{"line":41,"column":19}}]},"3":{"loc":{"start":{"line":42,"column":19},"end":{"line":42,"column":42}},"type":"binary-expr","locations":[{"start":{"line":42,"column":19},"end":{"line":42,"column":36}},{"start":{"line":42,"column":40},"end":{"line":42,"column":42}}]},"4":{"loc":{"start":{"line":42,"column":19},"end":{"line":42,"column":36}},"type":"cond-expr","locations":[{"start":{"line":42,"column":23},"end":{"line":42,"column":25}},{"start":{"line":42,"column":19},"end":{"line":42,"column":36}}]},"5":{"loc":{"start":{"line":42,"column":19},"end":{"line":42,"column":25}},"type":"binary-expr","locations":[{"start":{"line":42,"column":19},"end":{"line":42,"column":25}},{"start":{"line":42,"column":19},"end":{"line":42,"column":25}}]},"6":{"loc":{"start":{"line":47,"column":6},"end":{"line":52,"column":7}},"type":"if","locations":[{"start":{"line":47,"column":6},"end":{"line":52,"column":7}},{"start":{},"end":{}}]},"7":{"loc":{"start":{"line":57,"column":4},"end":{"line":61,"column":5}},"type":"if","locations":[{"start":{"line":57,"column":4},"end":{"line":61,"column":5}},{"start":{},"end":{}}]},"8":{"loc":{"start":{"line":65,"column":4},"end":{"line":70,"column":5}},"type":"if","locations":[{"start":{"line":65,"column":4},"end":{"line":70,"column":5}},{"start":{},"end":{}}]},"9":{"loc":{"start":{"line":73,"column":2},"end":{"line":81,"column":3}},"type":"if","locations":[{"start":{"line":73,"column":2},"end":{"line":81,"column":3}},{"start":{},"end":{}}]},"10":{"loc":{"start":{"line":83,"column":2},"end":{"line":98,"column":3}},"type":"if","locations":[{"start":{"line":83,"column":2},"end":{"line":98,"column":3}},{"start":{},"end":{}}]},"11":{"loc":{"start":{"line":83,"column":6},"end":{"line":83,"column":22}},"type":"binary-expr","locations":[{"start":{"line":83,"column":6},"end":{"line":83,"column":13}},{"start":{"line":83,"column":17},"end":{"line":83,"column":22}}]},"12":{"loc":{"start":{"line":87,"column":31},"end":{"line":87,"column":76}},"type":"binary-expr","locations":[{"start":{"line":87,"column":32},"end":{"line":87,"column":56}},{"start":{"line":87,"column":60},"end":{"line":87,"column":76}}]},"13":{"loc":{"start":{"line":87,"column":32},"end":{"line":87,"column":56}},"type":"cond-expr","locations":[{"start":{"line":87,"column":37},"end":{"line":87,"column":47}},{"start":{"line":87,"column":32},"end":{"line":87,"column":56}}]},"14":{"loc":{"start":{"line":87,"column":32},"end":{"line":87,"column":47}},"type":"binary-expr","locations":[{"start":{"line":87,"column":32},"end":{"line":87,"column":49}},{"start":{"line":87,"column":32},"end":{"line":87,"column":47}}]},"15":{"loc":{"start":{"line":111,"column":9},"end":{"line":250,"column":null}},"type":"cond-expr","locations":[{"start":{"line":112,"column":10},"end":{"line":186,"column":null}},{"start":{"line":189,"column":10},"end":{"line":249,"column":null}}]},"16":{"loc":{"start":{"line":128,"column":36},"end":{"line":128,"column":76}},"type":"cond-expr","locations":[{"start":{"line":128,"column":53},"end":{"line":128,"column":67}},{"start":{"line":128,"column":70},"end":{"line":128,"column":76}}]},"17":{"loc":{"start":{"line":129,"column":27},"end":{"line":129,"column":77}},"type":"cond-expr","locations":[{"start":{"line":129,"column":44},"end":{"line":129,"column":60}},{"start":{"line":129,"column":63},"end":{"line":129,"column":77}}]},"18":{"loc":{"start":{"line":136,"column":27},"end":{"line":136,"column":66}},"type":"cond-expr","locations":[{"start":{"line":136,"column":44},"end":{"line":136,"column":55}},{"start":{"line":136,"column":58},"end":{"line":136,"column":66}}]},"19":{"loc":{"start":{"line":137,"column":27},"end":{"line":137,"column":65}},"type":"cond-expr","locations":[{"start":{"line":137,"column":44},"end":{"line":137,"column":53}},{"start":{"line":137,"column":56},"end":{"line":137,"column":65}}]},"20":{"loc":{"start":{"line":171,"column":23},"end":{"line":171,"column":75}},"type":"cond-expr","locations":[{"start":{"line":171,"column":42},"end":{"line":171,"column":56}},{"start":{"line":171,"column":59},"end":{"line":171,"column":75}}]},"21":{"loc":{"start":{"line":174,"column":15},"end":{"line":174,"column":61}},"type":"binary-expr","locations":[{"start":{"line":174,"column":15},"end":{"line":174,"column":31}},{"start":{"line":174,"column":35},"end":{"line":174,"column":61}}]},"22":{"loc":{"start":{"line":179,"column":25},"end":{"line":179,"column":66}},"type":"cond-expr","locations":[{"start":{"line":179,"column":42},"end":{"line":179,"column":52}},{"start":{"line":179,"column":55},"end":{"line":179,"column":66}}]},"23":{"loc":{"start":{"line":180,"column":23},"end":{"line":180,"column":61}},"type":"cond-expr","locations":[{"start":{"line":180,"column":40},"end":{"line":180,"column":49}},{"start":{"line":180,"column":52},"end":{"line":180,"column":61}}]},"24":{"loc":{"start":{"line":184,"column":25},"end":{"line":184,"column":67}},"type":"cond-expr","locations":[{"start":{"line":184,"column":42},"end":{"line":184,"column":54}},{"start":{"line":184,"column":57},"end":{"line":184,"column":67}}]},"25":{"loc":{"start":{"line":214,"column":21},"end":{"line":214,"column":73}},"type":"binary-expr","locations":[{"start":{"line":214,"column":21},"end":{"line":214,"column":41}},{"start":{"line":214,"column":45},"end":{"line":214,"column":73}}]},"26":{"loc":{"start":{"line":215,"column":26},"end":{"line":215,"column":69}},"type":"binary-expr","locations":[{"start":{"line":215,"column":26},"end":{"line":215,"column":46}},{"start":{"line":215,"column":50},"end":{"line":215,"column":69}}]},"27":{"loc":{"start":{"line":247,"column":17},"end":{"line":247,"column":68}},"type":"cond-expr","locations":[{"start":{"line":247,"column":40},"end":{"line":247,"column":51}},{"start":{"line":247,"column":54},"end":{"line":247,"column":68}}]}},"s":{"0":1,"1":1,"2":1,"3":1,"4":1,"5":1,"6":1,"7":1,"8":1,"9":1,"10":1,"11":1,"12":1,"13":1,"14":63,"15":63,"16":63,"17":63,"18":63,"19":63,"20":63,"21":1,"22":1,"23":1,"24":63,"25":1,"26":1,"27":1,"28":63,"29":1,"30":1,"31":63,"32":14,"33":49,"34":0,"35":0,"36":49,"37":1,"38":2,"39":0,"40":1},"f":{"0":63,"1":1,"2":1,"3":1,"4":1,"5":1,"6":0,"7":1,"8":2,"9":0,"10":1},"b":{"0":[63,14],"1":[14,49],"2":[63,63],"3":[63,14],"4":[14,49],"5":[63,63],"6":[1,0],"7":[1,0],"8":[1,0],"9":[14,49],"10":[0,49],"11":[49,49],"12":[0,0],"13":[0,0],"14":[0,0],"15":[17,32],"16":[0,17],"17":[0,17],"18":[0,17],"19":[0,17],"20":[17,0],"21":[17,0],"22":[0,17],"23":[0,17],"24":[0,17],"25":[32,1],"26":[32,1],"27":[0,32]}}
,"C:\\task-list\\src\\pages\\TaskList.tsx": {"path":"C:\\task-list\\src\\pages\\TaskList.tsx","statementMap":{"0":{"start":{"line":45,"column":0},"end":{"line":45,"column":24}},"1":{"start":{"line":1,"column":0},"end":{"line":1,"column":40}},"2":{"start":{"line":2,"column":0},"end":{"line":2,"column":null}},"3":{"start":{"line":26,"column":0},"end":{"line":26,"column":52}},"4":{"start":{"line":28,"column":0},"end":{"line":28,"column":47}},"5":{"start":{"line":29,"column":0},"end":{"line":29,"column":46}},"6":{"start":{"line":30,"column":0},"end":{"line":30,"column":null}},"7":{"start":{"line":36,"column":0},"end":{"line":36,"column":35}},"8":{"start":{"line":37,"column":0},"end":{"line":37,"column":27}},"9":{"start":{"line":40,"column":25},"end":{"line":43,"column":2}},"10":{"start":{"line":46,"column":19},"end":{"line":46,"column":32}},"11":{"start":{"line":47,"column":53},"end":{"line":47,"column":63}},"12":{"start":{"line":48,"column":21},"end":{"line":48,"column":36}},"13":{"start":{"line":49,"column":21},"end":{"line":49,"column":36}},"14":{"start":{"line":50,"column":21},"end":{"line":50,"column":36}},"15":{"start":{"line":52,"column":30},"end":{"line":53,"column":null}},"16":{"start":{"line":55,"column":42},"end":{"line":55,"column":71}},"17":{"start":{"line":57,"column":17},"end":{"line":65,"column":4}},"18":{"start":{"line":61,"column":6},"end":{"line":63,"column":9}},"19":{"start":{"line":62,"column":25},"end":{"line":62,"column":36}},"20":{"start":{"line":67,"column":29},"end":{"line":69,"column":3}},"21":{"start":{"line":68,"column":4},"end":{"line":68,"column":80}},"22":{"start":{"line":71,"column":24},"end":{"line":75,"column":4}},"23":{"start":{"line":72,"column":4},"end":{"line":72,"column":54}},"24":{"start":{"line":72,"column":32},"end":{"line":72,"column":54}},"25":{"start":{"line":73,"column":4},"end":{"line":73,"column":56}},"26":{"start":{"line":73,"column":33},"end":{"line":73,"column":56}},"27":{"start":{"line":74,"column":4},"end":{"line":74,"column":16}},"28":{"start":{"line":77,"column":2},"end":{"line":322,"column":4}},"29":{"start":{"line":141,"column":38},"end":{"line":141,"column":71}},"30":{"start":{"line":171,"column":16},"end":{"line":172,"column":null}},"31":{"start":{"line":190,"column":22},"end":{"line":195,"column":23}},"32":{"start":{"line":194,"column":24},"end":{"line":194,"column":31}},"33":{"start":{"line":196,"column":22},"end":{"line":196,"column":51}},"34":{"start":{"line":200,"column":22},"end":{"line":200,"column":74}},"35":{"start":{"line":200,"column":45},"end":{"line":200,"column":74}},"36":{"start":{"line":209,"column":24},"end":{"line":209,"column":44}},"37":{"start":{"line":210,"column":24},"end":{"line":210,"column":49}},"38":{"start":{"line":269,"column":26},"end":{"line":269,"column":46}},"39":{"start":{"line":270,"column":26},"end":{"line":270,"column":51}},"40":{"start":{"line":287,"column":23},"end":{"line":287,"column":44}},"41":{"start":{"line":300,"column":27},"end":{"line":300,"column":48}},"42":{"start":{"line":307,"column":14},"end":{"line":311,"column":15}},"43":{"start":{"line":308,"column":16},"end":{"line":310,"column":19}},"44":{"start":{"line":309,"column":35},"end":{"line":309,"column":56}}},"fnMap":{"0":{"name":"TaskList","decl":{"start":{"line":45,"column":24},"end":{"line":45,"column":32}},"loc":{"start":{"line":45,"column":32},"end":{"line":323,"column":1}}},"1":{"name":"(anonymous_1)","decl":{"start":{"line":60,"column":14},"end":{"line":60,"column":15}},"loc":{"start":{"line":60,"column":40},"end":{"line":64,"column":5}}},"2":{"name":"(anonymous_2)","decl":{"start":{"line":62,"column":19},"end":{"line":62,"column":22}},"loc":{"start":{"line":62,"column":25},"end":{"line":62,"column":36}}},"3":{"name":"(anonymous_3)","decl":{"start":{"line":67,"column":29},"end":{"line":67,"column":30}},"loc":{"start":{"line":67,"column":44},"end":{"line":69,"column":3}}},"4":{"name":"(anonymous_4)","decl":{"start":{"line":71,"column":38},"end":{"line":71,"column":39}},"loc":{"start":{"line":71,"column":47},"end":{"line":75,"column":3}}},"5":{"name":"(anonymous_5)","decl":{"start":{"line":141,"column":20},"end":{"line":141,"column":21}},"loc":{"start":{"line":141,"column":38},"end":{"line":141,"column":71}}},"6":{"name":"(anonymous_6)","decl":{"start":{"line":170,"column":33},"end":{"line":170,"column":34}},"loc":{"start":{"line":171,"column":16},"end":{"line":172,"column":null}}},"7":{"name":"(anonymous_7)","decl":{"start":{"line":188,"column":29},"end":{"line":188,"column":30}},"loc":{"start":{"line":188,"column":35},"end":{"line":197,"column":21}}},"8":{"name":"(anonymous_8)","decl":{"start":{"line":199,"column":31},"end":{"line":199,"column":32}},"loc":{"start":{"line":199,"column":37},"end":{"line":201,"column":21}}},"9":{"name":"(anonymous_9)","decl":{"start":{"line":208,"column":32},"end":{"line":208,"column":33}},"loc":{"start":{"line":208,"column":38},"end":{"line":211,"column":23}}},"10":{"name":"(anonymous_10)","decl":{"start":{"line":268,"column":33},"end":{"line":268,"column":34}},"loc":{"start":{"line":268,"column":39},"end":{"line":271,"column":25}}},"11":{"name":"(anonymous_11)","decl":{"start":{"line":287,"column":17},"end":{"line":287,"column":20}},"loc":{"start":{"line":287,"column":23},"end":{"line":287,"column":44}}},"12":{"name":"(anonymous_12)","decl":{"start":{"line":300,"column":21},"end":{"line":300,"column":24}},"loc":{"start":{"line":300,"column":27},"end":{"line":300,"column":48}}},"13":{"name":"(anonymous_13)","decl":{"start":{"line":306,"column":21},"end":{"line":306,"column":24}},"loc":{"start":{"line":306,"column":26},"end":{"line":312,"column":13}}},"14":{"name":"(anonymous_14)","decl":{"start":{"line":309,"column":29},"end":{"line":309,"column":32}},"loc":{"start":{"line":309,"column":35},"end":{"line":309,"column":56}}}},"branchMap":{"0":{"loc":{"start":{"line":71,"column":24},"end":{"line":75,"column":4}},"type":"cond-expr","locations":[{"start":{"line":71,"column":29},"end":{"line":71,"column":31}},{"start":{"line":71,"column":24},"end":{"line":75,"column":4}}]},"1":{"loc":{"start":{"line":71,"column":24},"end":{"line":71,"column":31}},"type":"binary-expr","locations":[{"start":{"line":71,"column":24},"end":{"line":71,"column":31}},{"start":{"line":71,"column":24},"end":{"line":71,"column":31}}]},"2":{"loc":{"start":{"line":72,"column":4},"end":{"line":72,"column":54}},"type":"if","locations":[{"start":{"line":72,"column":4},"end":{"line":72,"column":54}},{"start":{},"end":{}}]},"3":{"loc":{"start":{"line":73,"column":4},"end":{"line":73,"column":56}},"type":"if","locations":[{"start":{"line":73,"column":4},"end":{"line":73,"column":56}},{"start":{},"end":{}}]},"4":{"loc":{"start":{"line":95,"column":19},"end":{"line":95,"column":71}},"type":"binary-expr","locations":[{"start":{"line":95,"column":19},"end":{"line":95,"column":39}},{"start":{"line":95,"column":43},"end":{"line":95,"column":71}}]},"5":{"loc":{"start":{"line":96,"column":24},"end":{"line":96,"column":67}},"type":"binary-expr","locations":[{"start":{"line":96,"column":24},"end":{"line":96,"column":44}},{"start":{"line":96,"column":48},"end":{"line":96,"column":67}}]},"6":{"loc":{"start":{"line":117,"column":13},"end":{"line":120,"column":null}},"type":"cond-expr","locations":[{"start":{"line":118,"column":14},"end":{"line":118,"column":60}},{"start":{"line":120,"column":14},"end":{"line":120,"column":24}}]},"7":{"loc":{"start":{"line":141,"column":38},"end":{"line":141,"column":71}},"type":"binary-expr","locations":[{"start":{"line":141,"column":38},"end":{"line":141,"column":47}},{"start":{"line":141,"column":51},"end":{"line":141,"column":71}}]},"8":{"loc":{"start":{"line":150,"column":7},"end":{"line":281,"column":null}},"type":"cond-expr","locations":[{"start":{"line":151,"column":8},"end":{"line":152,"column":null}},{"start":{"line":154,"column":10},"end":{"line":281,"column":null}}]},"9":{"loc":{"start":{"line":154,"column":10},"end":{"line":281,"column":null}},"type":"cond-expr","locations":[{"start":{"line":155,"column":8},"end":{"line":156,"column":null}},{"start":{"line":159,"column":8},"end":{"line":280,"column":null}}]},"10":{"loc":{"start":{"line":165,"column":13},"end":{"line":278,"column":null}},"type":"cond-expr","locations":[{"start":{"line":166,"column":14},"end":{"line":167,"column":null}},{"start":{"line":170,"column":14},"end":{"line":278,"column":16}}]},"11":{"loc":{"start":{"line":165,"column":13},"end":{"line":165,"column":34}},"type":"cond-expr","locations":[{"start":{"line":165,"column":26},"end":{"line":165,"column":28}},{"start":{"line":165,"column":13},"end":{"line":165,"column":34}}]},"12":{"loc":{"start":{"line":165,"column":13},"end":{"line":165,"column":28}},"type":"binary-expr","locations":[{"start":{"line":165,"column":13},"end":{"line":165,"column":28}},{"start":{"line":165,"column":13},"end":{"line":165,"column":28}}]},"13":{"loc":{"start":{"line":170,"column":14},"end":{"line":278,"column":16}},"type":"cond-expr","locations":[{"start":{"line":170,"column":27},"end":{"line":170,"column":29}},{"start":{"line":170,"column":14},"end":{"line":278,"column":16}}]},"14":{"loc":{"start":{"line":170,"column":14},"end":{"line":170,"column":29}},"type":"binary-expr","locations":[{"start":{"line":170,"column":14},"end":{"line":170,"column":29}},{"start":{"line":170,"column":14},"end":{"line":170,"column":29}}]},"15":{"loc":{"start":{"line":190,"column":22},"end":{"line":195,"column":23}},"type":"if","locations":[{"start":{"line":190,"column":22},"end":{"line":195,"column":23}},{"start":{},"end":{}}]},"16":{"loc":{"start":{"line":191,"column":25},"end":{"line":192,"column":66}},"type":"binary-expr","locations":[{"start":{"line":191,"column":25},"end":{"line":191,"column":67}},{"start":{"line":192,"column":25},"end":{"line":192,"column":66}}]},"17":{"loc":{"start":{"line":200,"column":22},"end":{"line":200,"column":74}},"type":"if","locations":[{"start":{"line":200,"column":22},"end":{"line":200,"column":74}},{"start":{},"end":{}}]},"18":{"loc":{"start":{"line":223,"column":46},"end":{"line":225,"column":40}},"type":"cond-expr","locations":[{"start":{"line":224,"column":34},"end":{"line":224,"column":48}},{"start":{"line":225,"column":34},"end":{"line":225,"column":40}}]},"19":{"loc":{"start":{"line":226,"column":37},"end":{"line":228,"column":48}},"type":"cond-expr","locations":[{"start":{"line":227,"column":34},"end":{"line":227,"column":50}},{"start":{"line":228,"column":34},"end":{"line":228,"column":48}}]},"20":{"loc":{"start":{"line":234,"column":27},"end":{"line":240,"column":null}},"type":"binary-expr","locations":[{"start":{"line":234,"column":27},"end":{"line":234,"column":41}},{"start":{"line":235,"column":28},"end":{"line":239,"column":null}}]},"21":{"loc":{"start":{"line":245,"column":24},"end":{"line":259,"column":32}},"type":"cond-expr","locations":[{"start":{"line":246,"column":26},"end":{"line":257,"column":null}},{"start":{"line":259,"column":28},"end":{"line":259,"column":32}}]},"22":{"loc":{"start":{"line":307,"column":14},"end":{"line":311,"column":15}},"type":"if","locations":[{"start":{"line":307,"column":14},"end":{"line":311,"column":15}},{"start":{},"end":{}}]},"23":{"loc":{"start":{"line":317,"column":13},"end":{"line":317,"column":60}},"type":"cond-expr","locations":[{"start":{"line":317,"column":36},"end":{"line":317,"column":49}},{"start":{"line":317,"column":52},"end":{"line":317,"column":60}}]}},"s":{"0":1,"1":1,"2":1,"3":1,"4":1,"5":1,"6":1,"7":1,"8":1,"9":1,"10":29,"11":29,"12":29,"13":29,"14":29,"15":29,"16":29,"17":29,"18":1,"19":1,"20":29,"21":1,"22":29,"23":46,"24":2,"25":44,"26":2,"27":42,"28":29,"29":2,"30":44,"31":1,"32":1,"33":0,"34":0,"35":0,"36":1,"37":1,"38":1,"39":1,"40":0,"41":0,"42":1,"43":1,"44":1},"f":{"0":29,"1":1,"2":1,"3":1,"4":46,"5":2,"6":44,"7":1,"8":0,"9":1,"10":1,"11":0,"12":0,"13":1,"14":1},"b":{"0":[6,23],"1":[29,29],"2":[2,44],"3":[2,42],"4":[29,1],"5":[29,1],"6":[0,29],"7":[2,2],"8":[6,23],"9":[0,23],"10":[0,23],"11":[0,23],"12":[23,23],"13":[0,23],"14":[23,23],"15":[1,0],"16":[1,1],"17":[0,0],"18":[22,22],"19":[22,22],"20":[44,22],"21":[44,0],"22":[1,0],"23":[0,29]}}
}
