TN:
SF:src\api.ts
FN:32,(anonymous_7)
FN:32,(anonymous_8)
FN:35,(anonymous_9)
FN:35,(anonymous_10)
FN:39,(anonymous_11)
FN:44,(anonymous_12)
FN:44,(anonymous_13)
FN:46,(anonymous_14)
FN:53,(anonymous_15)
FN:55,(anonymous_16)
FN:67,(anonymous_17)
FN:67,(anonymous_18)
FN:69,(anonymous_19)
FN:77,(anonymous_20)
FN:77,(anonymous_21)
FN:79,(anonymous_22)
FNF:16
FNH:16
FNDA:10,(anonymous_7)
FNDA:10,(anonymous_8)
FNDA:5,(anonymous_9)
FNDA:5,(anonymous_10)
FNDA:12,(anonymous_11)
FNDA:2,(anonymous_12)
FNDA:2,(anonymous_13)
FNDA:6,(anonymous_14)
FNDA:1,(anonymous_15)
FNDA:1,(anonymous_16)
FNDA:1,(anonymous_17)
FNDA:1,(anonymous_18)
FNDA:4,(anonymous_19)
FNDA:1,(anonymous_20)
FNDA:1,(anonymous_21)
FNDA:4,(anonymous_22)
DA:4,1
DA:29,1
DA:32,10
DA:34,1
DA:35,5
DA:36,5
DA:38,5
DA:40,12
DA:44,2
DA:45,2
DA:46,6
DA:47,2
DA:48,1
DA:50,1
DA:55,1
DA:56,1
DA:57,1
DA:63,1
DA:64,1
DA:67,1
DA:68,1
DA:69,4
DA:70,1
DA:71,0
DA:73,1
DA:74,1
DA:77,1
DA:78,1
DA:79,4
DA:80,1
DA:81,0
DA:83,1
LF:32
LH:30
BRDA:47,0,0,1
BRDA:47,0,1,1
BRDA:70,1,0,0
BRDA:70,1,1,1
BRDA:80,2,0,0
BRDA:80,2,1,1
BRF:6
BRH:4
end_of_record
TN:
SF:src\test-utils.tsx
FN:13,(anonymous_1)
FN:22,(anonymous_2)
FN:32,(anonymous_3)
FN:48,(anonymous_4)
FN:56,(anonymous_5)
FNF:5
FNH:3
FNDA:13,(anonymous_1)
FNDA:0,(anonymous_2)
FNDA:0,(anonymous_3)
FNDA:6,(anonymous_4)
FNDA:6,(anonymous_5)
DA:1,2
DA:2,2
DA:3,2
DA:4,2
DA:5,2
DA:7,2
DA:13,2
DA:14,13
DA:22,2
DA:26,0
DA:27,0
DA:30,0
DA:32,0
DA:33,0
DA:42,0
DA:48,2
DA:52,6
DA:53,6
DA:56,6
DA:57,6
DA:68,6
LF:21
LH:15
BRDA:24,0,0,0
BRDA:25,1,0,0
BRDA:26,2,0,0
BRDA:50,3,0,6
BRDA:51,4,0,6
BRDA:52,5,0,6
BRF:6
BRH:3
end_of_record
TN:
SF:src\components\Layout.tsx
FN:5,(anonymous_0)
FNF:1
FNH:1
FNDA:91,(anonymous_0)
DA:1,2
DA:2,2
DA:3,2
DA:5,2
DA:8,91
LF:5
LH:5
BRF:0
BRH:0
end_of_record
TN:
SF:src\hooks\useTasks.ts
FN:5,(anonymous_0)
FN:12,(anonymous_1)
FN:15,(anonymous_2)
FN:20,(anonymous_3)
FN:24,(anonymous_4)
FN:30,(anonymous_5)
FN:33,(anonymous_6)
FN:35,(anonymous_7)
FN:42,(anonymous_8)
FN:46,(anonymous_9)
FNF:10
FNH:10
FNDA:29,(anonymous_0)
FNDA:63,(anonymous_1)
FNDA:10,(anonymous_2)
FNDA:29,(anonymous_3)
FNDA:1,(anonymous_4)
FNDA:92,(anonymous_5)
FNDA:3,(anonymous_6)
FNDA:3,(anonymous_7)
FNDA:92,(anonymous_8)
FNDA:2,(anonymous_9)
DA:1,2
DA:2,2
DA:5,2
DA:6,29
DA:12,2
DA:13,63
DA:15,10
DA:20,2
DA:21,29
DA:22,29
DA:25,1
DA:30,2
DA:31,92
DA:32,92
DA:34,3
DA:36,3
DA:37,3
DA:42,2
DA:43,92
DA:44,92
DA:47,2
LF:21
LH:21
BRF:0
BRH:0
end_of_record
TN:
SF:src\pages\TaskDetails.tsx
FN:30,TaskDetails
FN:46,(anonymous_1)
FN:50,(anonymous_2)
FN:56,(anonymous_3)
FN:59,(anonymous_4)
FN:64,(anonymous_5)
FN:91,(anonymous_6)
FN:104,(anonymous_7)
FN:147,(anonymous_8)
FN:200,(anonymous_9)
FN:235,(anonymous_10)
FNF:11
FNH:9
FNDA:63,TaskDetails
FNDA:1,(anonymous_1)
FNDA:1,(anonymous_2)
FNDA:1,(anonymous_3)
FNDA:1,(anonymous_4)
FNDA:1,(anonymous_5)
FNDA:0,(anonymous_6)
FNDA:1,(anonymous_7)
FNDA:2,(anonymous_8)
FNDA:0,(anonymous_9)
FNDA:1,(anonymous_10)
DA:1,1
DA:2,1
DA:14,1
DA:15,1
DA:16,1
DA:17,1
DA:18,1
DA:19,1
DA:20,1
DA:21,1
DA:22,1
DA:23,1
DA:25,1
DA:30,1
DA:31,63
DA:32,63
DA:33,63
DA:34,63
DA:35,63
DA:37,63
DA:39,63
DA:47,1
DA:48,1
DA:50,1
DA:56,63
DA:57,1
DA:58,1
DA:59,1
DA:64,63
DA:65,1
DA:66,1
DA:73,63
DA:74,14
DA:83,49
DA:84,0
DA:91,0
DA:100,49
DA:104,1
DA:147,2
DA:200,0
DA:235,1
LF:41
LH:38
BRDA:41,0,0,63
BRDA:41,0,1,14
BRDA:41,1,0,14
BRDA:41,1,1,49
BRDA:41,2,0,63
BRDA:41,2,1,63
BRDA:42,3,0,63
BRDA:42,3,1,14
BRDA:42,4,0,14
BRDA:42,4,1,49
BRDA:42,5,0,63
BRDA:42,5,1,63
BRDA:47,6,0,1
BRDA:47,6,1,0
BRDA:57,7,0,1
BRDA:57,7,1,0
BRDA:65,8,0,1
BRDA:65,8,1,0
BRDA:73,9,0,14
BRDA:73,9,1,49
BRDA:83,10,0,0
BRDA:83,10,1,49
BRDA:83,11,0,49
BRDA:83,11,1,49
BRDA:87,12,0,0
BRDA:87,12,1,0
BRDA:87,13,0,0
BRDA:87,13,1,0
BRDA:87,14,0,0
BRDA:87,14,1,0
BRDA:111,15,0,17
BRDA:111,15,1,32
BRDA:128,16,0,0
BRDA:128,16,1,17
BRDA:129,17,0,0
BRDA:129,17,1,17
BRDA:136,18,0,0
BRDA:136,18,1,17
BRDA:137,19,0,0
BRDA:137,19,1,17
BRDA:171,20,0,17
BRDA:171,20,1,0
BRDA:174,21,0,17
BRDA:174,21,1,0
BRDA:179,22,0,0
BRDA:179,22,1,17
BRDA:180,23,0,0
BRDA:180,23,1,17
BRDA:184,24,0,0
BRDA:184,24,1,17
BRDA:214,25,0,32
BRDA:214,25,1,1
BRDA:215,26,0,32
BRDA:215,26,1,1
BRDA:247,27,0,0
BRDA:247,27,1,32
BRF:56
BRH:36
end_of_record
TN:
SF:src\pages\TaskList.tsx
FN:45,TaskList
FN:60,(anonymous_1)
FN:62,(anonymous_2)
FN:67,(anonymous_3)
FN:71,(anonymous_4)
FN:141,(anonymous_5)
FN:170,(anonymous_6)
FN:188,(anonymous_7)
FN:199,(anonymous_8)
FN:208,(anonymous_9)
FN:268,(anonymous_10)
FN:287,(anonymous_11)
FN:300,(anonymous_12)
FN:306,(anonymous_13)
FN:309,(anonymous_14)
FNF:15
FNH:12
FNDA:29,TaskList
FNDA:1,(anonymous_1)
FNDA:1,(anonymous_2)
FNDA:1,(anonymous_3)
FNDA:46,(anonymous_4)
FNDA:2,(anonymous_5)
FNDA:44,(anonymous_6)
FNDA:1,(anonymous_7)
FNDA:0,(anonymous_8)
FNDA:1,(anonymous_9)
FNDA:1,(anonymous_10)
FNDA:0,(anonymous_11)
FNDA:0,(anonymous_12)
FNDA:1,(anonymous_13)
FNDA:1,(anonymous_14)
DA:1,1
DA:2,1
DA:26,1
DA:28,1
DA:29,1
DA:30,1
DA:36,1
DA:37,1
DA:40,1
DA:45,1
DA:46,29
DA:47,29
DA:48,29
DA:49,29
DA:50,29
DA:52,29
DA:55,29
DA:57,29
DA:61,1
DA:62,1
DA:67,29
DA:68,1
DA:71,29
DA:72,46
DA:73,44
DA:74,42
DA:77,29
DA:141,2
DA:171,44
DA:190,1
DA:194,1
DA:196,0
DA:200,0
DA:209,1
DA:210,1
DA:269,1
DA:270,1
DA:287,0
DA:300,0
DA:307,1
DA:308,1
DA:309,1
LF:42
LH:38
BRDA:71,0,0,6
BRDA:71,0,1,23
BRDA:71,1,0,29
BRDA:71,1,1,29
BRDA:72,2,0,2
BRDA:72,2,1,44
BRDA:73,3,0,2
BRDA:73,3,1,42
BRDA:95,4,0,29
BRDA:95,4,1,1
BRDA:96,5,0,29
BRDA:96,5,1,1
BRDA:117,6,0,0
BRDA:117,6,1,29
BRDA:141,7,0,2
BRDA:141,7,1,2
BRDA:150,8,0,6
BRDA:150,8,1,23
BRDA:154,9,0,0
BRDA:154,9,1,23
BRDA:165,10,0,0
BRDA:165,10,1,23
BRDA:165,11,0,0
BRDA:165,11,1,23
BRDA:165,12,0,23
BRDA:165,12,1,23
BRDA:170,13,0,0
BRDA:170,13,1,23
BRDA:170,14,0,23
BRDA:170,14,1,23
BRDA:190,15,0,1
BRDA:190,15,1,0
BRDA:191,16,0,1
BRDA:191,16,1,1
BRDA:200,17,0,0
BRDA:200,17,1,0
BRDA:223,18,0,22
BRDA:223,18,1,22
BRDA:226,19,0,22
BRDA:226,19,1,22
BRDA:234,20,0,44
BRDA:234,20,1,22
BRDA:245,21,0,44
BRDA:245,21,1,0
BRDA:307,22,0,1
BRDA:307,22,1,0
BRDA:317,23,0,0
BRDA:317,23,1,29
BRF:48
BRH:37
end_of_record
